{"/home/gmagni/Projects/nodejs/pnpw/packages/lib/index.js": {"path":"/home/gmagni/Projects/nodejs/pnpw/packages/lib/index.js","all":false,"statementMap":{"0":{"start":{"line":1,"column":0},"end":{"line":1,"column":33}},"1":{"start":{"line":2,"column":0},"end":{"line":2,"column":0}},"2":{"start":{"line":3,"column":0},"end":{"line":3,"column":18}},"3":{"start":{"line":4,"column":0},"end":{"line":4,"column":71}},"4":{"start":{"line":5,"column":0},"end":{"line":5,"column":1}}},"s":{"0":1,"1":1,"2":1,"3":1,"4":1},"branchMap":{"0":{"type":"branch","line":4,"loc":{"start":{"line":4,"column":13},"end":{"line":4,"column":71}},"locations":[{"start":{"line":4,"column":13},"end":{"line":4,"column":71}}]}},"b":{"0":[1]},"fnMap":{"0":{"name":"salute","decl":{"start":{"line":4,"column":13},"end":{"line":4,"column":71}},"loc":{"start":{"line":4,"column":13},"end":{"line":4,"column":71}},"line":4}},"f":{"0":1}}
}
